Extracting commit stats ...
  progress: 1/34748 commits walked (0.0%)
  progress: 201/34748 commits walked (0.6%)
  progress: 401/34748 commits walked (1.2%)
  progress: 601/34748 commits walked (1.7%)
  progress: 801/34748 commits walked (2.3%)
  progress: 1001/34748 commits walked (2.9%)
  progress: 1201/34748 commits walked (3.5%)
  progress: 1401/34748 commits walked (4.0%)
  progress: 1601/34748 commits walked (4.6%)
  progress: 1801/34748 commits walked (5.2%)
  progress: 2001/34748 commits walked (5.8%)
  progress: 2201/34748 commits walked (6.3%)
  progress: 2401/34748 commits walked (6.9%)
  progress: 2601/34748 commits walked (7.5%)
  progress: 2801/34748 commits walked (8.1%)
  progress: 3001/34748 commits walked (8.6%)
  progress: 3201/34748 commits walked (9.2%)
  progress: 3401/34748 commits walked (9.8%)
  progress: 3601/34748 commits walked (10.4%)
  progress: 3801/34748 commits walked (10.9%)
  progress: 4001/34748 commits walked (11.5%)
  progress: 4201/34748 commits walked (12.1%)
  progress: 4401/34748 commits walked (12.7%)
  progress: 4601/34748 commits walked (13.2%)
  progress: 4801/34748 commits walked (13.8%)
  progress: 5001/34748 commits walked (14.4%)
  progress: 5201/34748 commits walked (15.0%)
  progress: 5401/34748 commits walked (15.5%)
  progress: 5601/34748 commits walked (16.1%)
  progress: 5801/34748 commits walked (16.7%)
  progress: 6001/34748 commits walked (17.3%)
  progress: 6201/34748 commits walked (17.8%)
  progress: 6401/34748 commits walked (18.4%)
  progress: 6601/34748 commits walked (19.0%)
  progress: 6801/34748 commits walked (19.6%)
  progress: 7001/34748 commits walked (20.1%)
  progress: 7201/34748 commits walked (20.7%)
  progress: 7401/34748 commits walked (21.3%)
  progress: 7601/34748 commits walked (21.9%)
  progress: 7801/34748 commits walked (22.5%)
  progress: 8001/34748 commits walked (23.0%)
  progress: 8201/34748 commits walked (23.6%)
  progress: 8401/34748 commits walked (24.2%)
  progress: 8601/34748 commits walked (24.8%)
  progress: 8801/34748 commits walked (25.3%)
  progress: 9001/34748 commits walked (25.9%)
  progress: 9201/34748 commits walked (26.5%)
  progress: 9401/34748 commits walked (27.1%)
  progress: 9601/34748 commits walked (27.6%)
  progress: 9801/34748 commits walked (28.2%)
  progress: 10001/34748 commits walked (28.8%)
  progress: 10201/34748 commits walked (29.4%)
  progress: 10401/34748 commits walked (29.9%)
  progress: 10601/34748 commits walked (30.5%)
  progress: 10801/34748 commits walked (31.1%)
  progress: 11001/34748 commits walked (31.7%)
  progress: 11201/34748 commits walked (32.2%)
  progress: 11401/34748 commits walked (32.8%)
  progress: 11601/34748 commits walked (33.4%)
  progress: 11801/34748 commits walked (34.0%)
  progress: 12001/34748 commits walked (34.5%)
  progress: 12201/34748 commits walked (35.1%)
  progress: 12401/34748 commits walked (35.7%)
  progress: 12601/34748 commits walked (36.3%)
  progress: 12801/34748 commits walked (36.8%)
  progress: 13001/34748 commits walked (37.4%)
  progress: 13201/34748 commits walked (38.0%)
  progress: 13401/34748 commits walked (38.6%)
  progress: 13601/34748 commits walked (39.1%)
  progress: 13801/34748 commits walked (39.7%)
  progress: 14001/34748 commits walked (40.3%)
  progress: 14201/34748 commits walked (40.9%)
  progress: 14401/34748 commits walked (41.4%)
  progress: 14601/34748 commits walked (42.0%)
  progress: 14801/34748 commits walked (42.6%)
  progress: 15001/34748 commits walked (43.2%)
  progress: 15201/34748 commits walked (43.7%)
  progress: 15401/34748 commits walked (44.3%)
  progress: 15601/34748 commits walked (44.9%)
  progress: 15801/34748 commits walked (45.5%)
  progress: 16001/34748 commits walked (46.0%)
  progress: 16201/34748 commits walked (46.6%)
  progress: 16401/34748 commits walked (47.2%)
  progress: 16601/34748 commits walked (47.8%)
  progress: 16801/34748 commits walked (48.4%)
  progress: 17001/34748 commits walked (48.9%)
  progress: 17201/34748 commits walked (49.5%)
  progress: 17401/34748 commits walked (50.1%)
  progress: 17601/34748 commits walked (50.7%)
  progress: 17801/34748 commits walked (51.2%)
  progress: 18001/34748 commits walked (51.8%)
  progress: 18201/34748 commits walked (52.4%)
  progress: 18401/34748 commits walked (53.0%)
  progress: 18601/34748 commits walked (53.5%)
  progress: 18801/34748 commits walked (54.1%)
  progress: 19001/34748 commits walked (54.7%)
  progress: 19201/34748 commits walked (55.3%)
  progress: 19401/34748 commits walked (55.8%)
  progress: 19601/34748 commits walked (56.4%)
  progress: 19801/34748 commits walked (57.0%)
  progress: 20001/34748 commits walked (57.6%)
  progress: 20201/34748 commits walked (58.1%)
  progress: 20401/34748 commits walked (58.7%)
  progress: 20601/34748 commits walked (59.3%)
  progress: 20801/34748 commits walked (59.9%)
  progress: 21001/34748 commits walked (60.4%)
  progress: 21201/34748 commits walked (61.0%)
  progress: 21401/34748 commits walked (61.6%)
  progress: 21601/34748 commits walked (62.2%)
  progress: 21801/34748 commits walked (62.7%)
  progress: 22001/34748 commits walked (63.3%)
  progress: 22201/34748 commits walked (63.9%)
  progress: 22401/34748 commits walked (64.5%)
  progress: 22601/34748 commits walked (65.0%)
  progress: 22801/34748 commits walked (65.6%)
  progress: 23001/34748 commits walked (66.2%)
  progress: 23201/34748 commits walked (66.8%)
  progress: 23401/34748 commits walked (67.3%)
  progress: 23601/34748 commits walked (67.9%)
  progress: 23801/34748 commits walked (68.5%)
  progress: 24001/34748 commits walked (69.1%)
  progress: 24201/34748 commits walked (69.6%)
  progress: 24401/34748 commits walked (70.2%)
  progress: 24601/34748 commits walked (70.8%)
  progress: 24801/34748 commits walked (71.4%)
  progress: 25001/34748 commits walked (71.9%)
  progress: 25201/34748 commits walked (72.5%)
  progress: 25401/34748 commits walked (73.1%)
  progress: 25601/34748 commits walked (73.7%)
  progress: 25801/34748 commits walked (74.3%)
  progress: 26001/34748 commits walked (74.8%)
  progress: 26201/34748 commits walked (75.4%)
  progress: 26401/34748 commits walked (76.0%)
  progress: 26601/34748 commits walked (76.6%)
  progress: 26801/34748 commits walked (77.1%)
  progress: 27001/34748 commits walked (77.7%)
  progress: 27201/34748 commits walked (78.3%)
  progress: 27401/34748 commits walked (78.9%)
  progress: 27601/34748 commits walked (79.4%)
  progress: 27801/34748 commits walked (80.0%)
  progress: 28001/34748 commits walked (80.6%)
  progress: 28201/34748 commits walked (81.2%)
  progress: 28401/34748 commits walked (81.7%)
  progress: 28601/34748 commits walked (82.3%)
  progress: 28801/34748 commits walked (82.9%)
  progress: 29001/34748 commits walked (83.5%)
  progress: 29201/34748 commits walked (84.0%)
  progress: 29401/34748 commits walked (84.6%)
  progress: 29601/34748 commits walked (85.2%)
  progress: 29801/34748 commits walked (85.8%)
  progress: 30001/34748 commits walked (86.3%)
  progress: 30201/34748 commits walked (86.9%)
  progress: 30401/34748 commits walked (87.5%)
  progress: 30601/34748 commits walked (88.1%)
  progress: 30801/34748 commits walked (88.6%)
  progress: 31001/34748 commits walked (89.2%)
  progress: 31201/34748 commits walked (89.8%)
  progress: 31401/34748 commits walked (90.4%)
  progress: 31601/34748 commits walked (90.9%)
  progress: 31801/34748 commits walked (91.5%)
  progress: 32001/34748 commits walked (92.1%)
  progress: 32201/34748 commits walked (92.7%)
  progress: 32401/34748 commits walked (93.2%)
  progress: 32601/34748 commits walked (93.8%)
  progress: 32801/34748 commits walked (94.4%)
  progress: 33001/34748 commits walked (95.0%)
  progress: 33201/34748 commits walked (95.5%)
  progress: 33401/34748 commits walked (96.1%)
  progress: 33601/34748 commits walked (96.7%)
  progress: 33801/34748 commits walked (97.3%)
  progress: 34001/34748 commits walked (97.9%)
  progress: 34201/34748 commits walked (98.4%)
  progress: 34401/34748 commits walked (99.0%)
  progress: 34601/34748 commits walked (99.6%)
  progress: 34748/34748 commits walked (100.0%)
34156 non-merge commits found; scoring last 500 ...

/tmp/ugc_new_django: 500 commits scored, 0 flagged Unusual (score >= 0.97)


Wrote /tmp/fpr_scan/django.tsv
